<?xml version="1.0" encoding="UTF-8"?>
<!-- Generated by org.testng.reporters.JUnitXMLReporter -->
<testsuite ignored="2" hostname="Ravishankar" failures="0" tests="2" name="ChromeBrowser" time="7.671" errors="0" timestamp="2023-05-30T10:19:03 IST">
  <testcase classname="com.hms.Hospital_Management_System2.PatientLogIn" name="patientLogIn" time="1.745"/>
  <testcase classname="com.hms.Hospital_Management_System2.DoctorVarification" name="doctorVarification" time="2.403"/>
  <testcase classname="com.hms.Hospital_Management_System.genericUtility.BaseClass" name="@BeforeSuite config_BS" time="0.0">
    <ignored/>
  </testcase> <!-- @BeforeSuite config_BS -->
  <testcase classname="com.hms.Hospital_Management_System.genericUtility.BaseClass" name="@AfterSuite config_AS" time="0.0">
    <ignored/>
  </testcase> <!-- @AfterSuite config_AS -->
</testsuite> <!-- ChromeBrowser -->
