<?xml version="1.0" encoding="UTF-8"?>
<!-- Generated by org.testng.reporters.JUnitXMLReporter -->
<testsuite ignored="0" hostname="Ravishankar" failures="0" tests="8" name="EdgeBrowser" time="18.105" errors="0" timestamp="2023-05-30T10:18:55 IST">
  <testcase classname="com.hms.Hospital_Management_System2.HMSTestCaseTest" name="adminLogin" time="0.785"/>
  <testcase classname="com.hms.Hospital_Management_System2.HMSTestCaseTest" name="bookAppointmentCancelAppointment" time="2.567"/>
  <testcase classname="com.hms.Hospital_Management_System2.HMSTestCaseTest" name="createDoctor" time="2.131"/>
  <testcase classname="com.hms.Hospital_Management_System2.HMSTestCaseTest" name="createDoctorAndBookingAppointment" time="3.968"/>
  <testcase classname="com.hms.Hospital_Management_System2.HMSTestCaseTest" name="doctorLogIn" time="0.898"/>
  <testcase classname="com.hms.Hospital_Management_System2.HMSTestCaseTest" name="patientLogIn" time="0.012"/>
  <testcase classname="com.hms.Hospital_Management_System2.HMSTestCaseTest" name="updateDoctor" time="1.492"/>
  <testcase classname="com.hms.Hospital_Management_System2.UpdateDoctor" name="updateDoctor" time="3.33"/>
</testsuite> <!-- EdgeBrowser -->
