<?xml version="1.0" encoding="UTF-8"?>
<!-- Generated by org.testng.reporters.JUnitXMLReporter -->
<testsuite ignored="2" hostname="Ravishankar" failures="1" tests="8" name="Test" time="21.835" errors="0" timestamp="2023-05-29T15:07:17 IST">
  <testcase classname="com.hms.Hospital_Management_System2.HMSTestCaseTest" name="adminLogin" time="0.79"/>
  <testcase classname="com.hms.Hospital_Management_System2.HMSTestCaseTest" name="bookAppointmentCancelAppointment" time="2.568"/>
  <testcase classname="com.hms.Hospital_Management_System2.HMSTestCaseTest" name="createDoctor" time="2.163"/>
  <testcase classname="com.hms.Hospital_Management_System2.HMSTestCaseTest" name="createDoctorAndBookingAppointment" time="5.073"/>
  <testcase classname="com.hms.Hospital_Management_System2.HMSTestCaseTest" name="doctorLogIn" time="1.595"/>
  <testcase classname="com.hms.Hospital_Management_System2.HMSTestCaseTest" name="patientLogIn" time="0.015"/>
  <testcase classname="com.hms.Hospital_Management_System2.HMSTestCaseTest" name="updateDoctor" time="2.211"/>
  <testcase classname="com.hms.Hospital_Management_System2.PatientLogIn" name="patientLogIn" time="1.753">
    <failure type="java.lang.AssertionError" message="null">
      <![CDATA[java.lang.AssertionError: null
at com.hms.Hospital_Management_System2.PatientLogIn.patientLogIn(PatientLogIn.java:51)
at java.base/java.util.ArrayList.forEach(ArrayList.java:1511)
... Removed 27 stack frames]]>
    </failure>
  </testcase> <!-- patientLogIn -->
  <testcase classname="com.hms.Hospital_Management_System.genericUtility.BaseClass" name="@BeforeSuite config_BS" time="0.0">
    <ignored/>
  </testcase> <!-- @BeforeSuite config_BS -->
  <testcase classname="com.hms.Hospital_Management_System.genericUtility.BaseClass" name="@AfterSuite config_AS" time="0.0">
    <ignored/>
  </testcase> <!-- @AfterSuite config_AS -->
</testsuite> <!-- Test -->
