<?xml version="1.0" encoding="UTF-8"?>
<!-- Generated by org.testng.reporters.JUnitXMLReporter -->
<testsuite ignored="8" hostname="Ravishankar" failures="0" tests="11" name="test2" time="0.252" errors="0" timestamp="2023-05-26T16:01:58 IST">
  <testcase classname="com.hms.Hospital_Management_System.ExecutionWithBaseClass.HMSTestCaseTest" name="adminLogin" time="0.0">
    <skipped/>
  </testcase> <!-- adminLogin -->
  <testcase classname="com.hms.Hospital_Management_System.ExecutionWithBaseClass.HMSTestCaseTest" name="bookAppointmentCancelAppointment" time="0.001">
    <skipped/>
  </testcase> <!-- bookAppointmentCancelAppointment -->
  <testcase classname="com.hms.Hospital_Management_System.ExecutionWithBaseClass.HMSTestCaseTest" name="createDoctor" time="0.0">
    <skipped/>
  </testcase> <!-- createDoctor -->
  <testcase classname="com.hms.Hospital_Management_System.ExecutionWithBaseClass.HMSTestCaseTest" name="createDoctorAndBookingAppointment" time="0.0">
    <skipped/>
  </testcase> <!-- createDoctorAndBookingAppointment -->
  <testcase classname="com.hms.Hospital_Management_System.ExecutionWithBaseClass.HMSTestCaseTest" name="doctorLogIn" time="0.0">
    <skipped/>
  </testcase> <!-- doctorLogIn -->
  <testcase classname="com.hms.Hospital_Management_System.ExecutionWithBaseClass.HMSTestCaseTest" name="patientLogIn" time="0.001">
    <skipped/>
  </testcase> <!-- patientLogIn -->
  <testcase classname="com.hms.Hospital_Management_System.ExecutionWithBaseClass.HMSTestCaseTest" name="updateDoctor" time="0.0">
    <skipped/>
  </testcase> <!-- updateDoctor -->
  <testcase classname="com.hms.Hospital_Management_System.ExecutionWithBaseClass.PatientLogIn" name="patientLogIn" time="0.0">
    <skipped/>
  </testcase> <!-- patientLogIn -->
  <testcase classname="com.hms.Hospital_Management_System.ExecutionWithBaseClass.BookAppointmentCancelAppointment" name="bookAppointmentCancelAppointment" time="0.0">
    <skipped/>
  </testcase> <!-- bookAppointmentCancelAppointment -->
  <testcase classname="com.hms.Hospital_Management_System.ExecutionWithBaseClass.DoctorVarification" name="doctorVarification" time="0.0">
    <skipped/>
  </testcase> <!-- doctorVarification -->
  <testcase classname="com.hms.Hospital_Management_System.ExecutionWithBaseClass.CreateDoctorAndBookingAppointment" name="createDoctorAndBookingAppointment" time="0.0">
    <skipped/>
  </testcase> <!-- createDoctorAndBookingAppointment -->
  <testcase classname="com.hms.Hospital_Management_System.genericUtility.BaseClass" name="@AfterSuite config_AS" time="0.0">
    <ignored/>
  </testcase> <!-- @AfterSuite config_AS -->
  <testcase classname="com.hms.Hospital_Management_System.genericUtility.BaseClass" name="@BeforeSuite config_BS" time="0.0">
    <ignored/>
  </testcase> <!-- @BeforeSuite config_BS -->
  <testcase classname="com.hms.Hospital_Management_System.genericUtility.BaseClass" name="@BeforeSuite config_BS" time="0.0">
    <ignored/>
  </testcase> <!-- @BeforeSuite config_BS -->
  <testcase classname="com.hms.Hospital_Management_System.genericUtility.BaseClass" name="@AfterSuite config_AS" time="0.0">
    <ignored/>
  </testcase> <!-- @AfterSuite config_AS -->
  <testcase classname="com.hms.Hospital_Management_System.genericUtility.BaseClass" name="@AfterSuite config_AS" time="0.0">
    <ignored/>
  </testcase> <!-- @AfterSuite config_AS -->
  <testcase classname="com.hms.Hospital_Management_System.genericUtility.BaseClass" name="@BeforeSuite config_BS" time="0.0">
    <ignored/>
  </testcase> <!-- @BeforeSuite config_BS -->
  <testcase classname="com.hms.Hospital_Management_System.genericUtility.BaseClass" name="@AfterSuite config_AS" time="0.0">
    <ignored/>
  </testcase> <!-- @AfterSuite config_AS -->
  <testcase classname="com.hms.Hospital_Management_System.genericUtility.BaseClass" name="@BeforeSuite config_BS" time="0.0">
    <ignored/>
  </testcase> <!-- @BeforeSuite config_BS -->
</testsuite> <!-- test2 -->
